<?xml version="1.0" encoding="UTF-8"?>
<!-- Generated by org.testng.reporters.JUnitXMLReporter -->
<testsuite ignored="1" hostname="DESKTOP-1998KDR" failures="1" tests="1" name="Default test(failed)" time="0.071" errors="0" timestamp="2022-07-30T17:53:02 IST">
  <testcase classname="TestNG_Mock_Practice.Annotations_EG" name="failtest" time="0.008">
    <failure type="java.lang.AssertionError" message="null">
      <![CDATA[java.lang.AssertionError: null
at TestNG_Mock_Practice.Annotations_EG.failtest(Annotations_EG.java:58)
at java.base/java.util.ArrayList.forEach(ArrayList.java:1541)
... Removed 29 stack frames]]>
    </failure>
  </testcase> <!-- failtest -->
  <testcase classname="TestNG_Mock_Practice.Annotations_EG" name="test_method" time="0.0">
    <ignored/>
  </testcase> <!-- test_method -->
</testsuite> <!-- Default test(failed) -->
