<?xml version="1.0" encoding="UTF-8"?>
<testng-results ignored="0" total="1" passed="1" failed="0" skipped="0">
  <reporter-output>
    <line>
      <![CDATA[this is starting method]]>
    </line>
    <line>
      <![CDATA[this is simple]]>
    </line>
  </reporter-output>
  <suite started-at="2022-08-09T17:39:40 IST" name="Default suite" finished-at="2022-08-09T17:39:40 IST" duration-ms="56">
    <groups>
    </groups>
    <test started-at="2022-08-09T17:39:40 IST" name="Default test" finished-at="2022-08-09T17:39:40 IST" duration-ms="56">
      <class name="TestNG_Mock_Practice.abcd">
        <test-method signature="fall()[pri:0, instance:TestNG_Mock_Practice.abcd@2805d709]" started-at="2022-08-09T17:39:40 IST" name="fall" finished-at="2022-08-09T17:39:40 IST" duration-ms="8" status="PASS">
          <reporter-output>
            <line>
              <![CDATA[this is starting method]]>
            </line>
            <line>
              <![CDATA[this is simple]]>
            </line>
          </reporter-output>
        </test-method> <!-- fall -->
      </class> <!-- TestNG_Mock_Practice.abcd -->
    </test> <!-- Default test -->
  </suite> <!-- Default suite -->
</testng-results>
